<?xml version="1.0" encoding="UTF-8"?>
<robot generator="Robot 6.1 (Python 3.11.3 on win32)" generated="20230619 17:07:41.257" rpa="false" schemaversion="4">
<suite id="s1" name="Signup" source="C:\QAx\projects\mark85-robot-express\signup.robot">
<test id="s1-t1" name="Deve poder cadastrar um novo usuário" line="6">
<kw name="New Browser" library="Browser">
<arg>browser=chromium</arg>
<arg>headless=${False}</arg>
<tag>BrowserControl</tag>
<tag>Setter</tag>
<doc>Create a new playwright Browser with specified options.</doc>
<msg timestamp="20230619 17:07:42.546" level="INFO">{"browser": "chromium", "headless": false, "devtools": false, "handleSIGHUP": true, "handleSIGINT": true, "handleSIGTERM": true, "slowMo": 0.0, "timeout": 30000.0, "deprecated_pos_args": [], "tracesDir": "C:\\QAx\\projects\\mark85-robot-express\\logs\\browser\\traces\\964e756f-d9b5-4f19-8663-55d97ec1bcfa"}</msg>
<msg timestamp="20230619 17:07:43.149" level="INFO">Successfully created browser with options: {"browser":"chromium","headless":false,"devtools":false,"handleSIGHUP":true,"handleSIGINT":true,"handleSIGTERM":true,"slowMo":0,"timeout":30000,"deprecated_pos_args":[],"tracesDir":"C:\\QAx\\projects\\mark85-robot-express\\logs\\browser\\traces\\964e756f-d9b5-4f19-8663-55d97ec1bcfa"}</msg>
<status status="PASS" starttime="20230619 17:07:42.544" endtime="20230619 17:07:43.149"/>
</kw>
<kw name="New Page" library="Browser">
<arg>http://localhost:3000/signup</arg>
<tag>BrowserControl</tag>
<tag>Setter</tag>
<doc>Open a new Page.</doc>
<msg timestamp="20230619 17:07:44.224" level="INFO">Successfully initialized new page object and opened url: http://localhost:3000/signup</msg>
<msg timestamp="20230619 17:07:44.224" level="INFO">No context was open. New context was automatically opened when this page is created.</msg>
<status status="PASS" starttime="20230619 17:07:43.151" endtime="20230619 17:07:44.224"/>
</kw>
<kw name="Wait For Elements State" library="Browser">
<arg>css=h1</arg>
<arg>visible</arg>
<arg>5</arg>
<tag>PageContent</tag>
<tag>Wait</tag>
<doc>Waits for the element found by ``selector`` to satisfy state option.</doc>
<msg timestamp="20230619 17:07:44.263" level="INFO">Waited for Element with selector css=h1 at state visible</msg>
<status status="PASS" starttime="20230619 17:07:44.225" endtime="20230619 17:07:44.263"/>
</kw>
<kw name="Get Text" library="Browser">
<arg>css=h1</arg>
<arg>equal</arg>
<arg>Faça seu cadastro</arg>
<tag>Assertion</tag>
<tag>Getter</tag>
<tag>PageContent</tag>
<doc>Returns text attribute of the element found by ``selector``.</doc>
<msg timestamp="20230619 17:07:44.294" level="INFO">Text: 'Faça seu cadastro'</msg>
<status status="PASS" starttime="20230619 17:07:44.264" endtime="20230619 17:07:44.295"/>
</kw>
<kw name="Fill Text" library="Browser">
<arg>id=name</arg>
<arg>Ana Carolina</arg>
<tag>PageContent</tag>
<tag>Setter</tag>
<doc>Clears and fills the given ``txt`` into the text field found by ``selector``.</doc>
<msg timestamp="20230619 17:07:44.295" level="INFO">Fills the text 'Ana Carolina' in the given field.</msg>
<status status="PASS" starttime="20230619 17:07:44.295" endtime="20230619 17:07:44.321"/>
</kw>
<kw name="Fill Text" library="Browser">
<arg>id=email</arg>
<arg>ana@gmail.com</arg>
<tag>PageContent</tag>
<tag>Setter</tag>
<doc>Clears and fills the given ``txt`` into the text field found by ``selector``.</doc>
<msg timestamp="20230619 17:07:44.324" level="INFO">Fills the text 'ana@gmail.com' in the given field.</msg>
<status status="PASS" starttime="20230619 17:07:44.323" endtime="20230619 17:07:44.355"/>
</kw>
<kw name="Fill Text" library="Browser">
<arg>id=password</arg>
<arg>teste123</arg>
<tag>PageContent</tag>
<tag>Setter</tag>
<doc>Clears and fills the given ``txt`` into the text field found by ``selector``.</doc>
<msg timestamp="20230619 17:07:44.356" level="INFO">Fills the text 'teste123' in the given field.</msg>
<status status="PASS" starttime="20230619 17:07:44.356" endtime="20230619 17:07:44.384"/>
</kw>
<kw name="Click" library="Browser">
<arg>id=buttonSignup</arg>
<tag>PageContent</tag>
<tag>Setter</tag>
<doc>Simulates mouse click on the element found by ``selector``.</doc>
<status status="PASS" starttime="20230619 17:07:44.385" endtime="20230619 17:07:44.467"/>
</kw>
<kw name="Sleep" library="BuiltIn">
<arg>5</arg>
<doc>Pauses the test executed for the given time.</doc>
<msg timestamp="20230619 17:07:49.474" level="INFO">Slept 5 seconds</msg>
<status status="PASS" starttime="20230619 17:07:44.473" endtime="20230619 17:07:49.474"/>
</kw>
<status status="PASS" starttime="20230619 17:07:42.541" endtime="20230619 17:07:49.475"/>
</test>
<doc>Cenários de testes de cadastro de usuário</doc>
<status status="PASS" starttime="20230619 17:07:41.259" endtime="20230619 17:07:49.605"/>
</suite>
<statistics>
<total>
<stat pass="1" fail="0" skip="0">All Tests</stat>
</total>
<tag>
</tag>
<suite>
<stat pass="1" fail="0" skip="0" id="s1" name="Signup">Signup</stat>
</suite>
</statistics>
<errors>
</errors>
</robot>
